<?xml version="1.0" encoding="UTF-8"?>
<!-- Generated by org.testng.reporters.JUnitXMLReporter -->
<testsuite hostname="Rajesh-IN11" ignored="3" name="Default test" tests="1" failures="1" timestamp="13 Jun 2018 14:34:10 GMT" time="67.091" errors="0">
  <testcase name="SwipeTest1" time="9.482" classname="com.indusos.plusi.Wowmain">
    <failure type="org.openqa.selenium.remote.SessionNotFoundException" message="A session is either terminated or not started (WARNING: The server did not provide any stacktrace information)
Command duration or timeout: 16 milliseconds
Build info: version: &amp;apos;2.53.0&amp;apos;, revision: &amp;apos;35ae25b1534ae328c771e0856c93e187490ca824&amp;apos;, time: &amp;apos;2016-03-15 10:43:46&amp;apos;
System info: host: &amp;apos;Rajesh-IN11&amp;apos;, ip: &amp;apos;192.168.1.39&amp;apos;, os.name: &amp;apos;Windows 10&amp;apos;, os.arch: &amp;apos;amd64&amp;apos;, os.version: &amp;apos;10.0&amp;apos;, java.version: &amp;apos;1.8.0_152&amp;apos;
Driver info: io.appium.java_client.android.AndroidDriver
Capabilities [{appPackage=com.android.vending, deviceScreenSize=720x1280, networkConnectionEnabled=true, warnings={}, databaseEnabled=false, deviceName=0123456789ABCDEF, platform=LINUX, deviceUDID=0123456789ABCDEF, appActivity=com.android.vending.AssetBrowserActivity, desired={appPackage=com.android.vending, appActivity=com.android.vending.AssetBrowserActivity, platformVersion=6.0, platformName=Android, deviceName=WCYDCUJ7ZTRGMNWO}, platformVersion=6.0, webStorageEnabled=false, locationContextEnabled=false, takesScreenshot=true, javascriptEnabled=true, deviceModel=Micromax Q386, platformName=Android, deviceManufacturer=Micromax}]
Session ID: 135bde51-76d7-4db4-be1a-877b69b3da3e">
      <![CDATA[org.openqa.selenium.remote.SessionNotFoundException: A session is either terminated or not started (WARNING: The server did not provide any stacktrace information)Command duration or timeout: 16 millisecondsBuild info: version: '2.53.0', revision: '35ae25b1534ae328c771e0856c93e187490ca824', time: '2016-03-15 10:43:46'System info: host: 'Rajesh-IN11', ip: '192.168.1.39', os.name: 'Windows 10', os.arch: 'amd64', os.version: '10.0', java.version: '1.8.0_152'Driver info: io.appium.java_client.android.AndroidDriverCapabilities [{appPackage=com.android.vending, deviceScreenSize=720x1280, networkConnectionEnabled=true, warnings={}, databaseEnabled=false, deviceName=0123456789ABCDEF, platform=LINUX, deviceUDID=0123456789ABCDEF, appActivity=com.android.vending.AssetBrowserActivity, desired={appPackage=com.android.vending, appActivity=com.android.vending.AssetBrowserActivity, platformVersion=6.0, platformName=Android, deviceName=WCYDCUJ7ZTRGMNWO}, platformVersion=6.0, webStorageEnabled=false, locationContextEnabled=false, takesScreenshot=true, javascriptEnabled=true, deviceModel=Micromax Q386, platformName=Android, deviceManufacturer=Micromax}]Session ID: 135bde51-76d7-4db4-be1a-877b69b3da3eat sun.reflect.NativeConstructorAccessorImpl.newInstance0(Native Method)at sun.reflect.NativeConstructorAccessorImpl.newInstance(Unknown Source)at sun.reflect.DelegatingConstructorAccessorImpl.newInstance(Unknown Source)at java.lang.reflect.Constructor.newInstance(Unknown Source)at org.openqa.selenium.remote.ErrorHandler.createThrowable(ErrorHandler.java:206)at org.openqa.selenium.remote.ErrorHandler.throwIfResponseFailed(ErrorHandler.java:158)at org.openqa.selenium.remote.RemoteWebDriver.execute(RemoteWebDriver.java:678)at io.appium.java_client.DefaultGenericMobileDriver.execute(DefaultGenericMobileDriver.java:40)at io.appium.java_client.AppiumDriver.execute(AppiumDriver.java:1)at io.appium.java_client.android.AndroidDriver.execute(AndroidDriver.java:1)at io.appium.java_client.AppiumDriver.performTouchAction(AppiumDriver.java:336)at io.appium.java_client.TouchAction.perform(TouchAction.java:323)at io.appium.java_client.AppiumDriver.doSwipe(AppiumDriver.java:383)at io.appium.java_client.android.AndroidDriver.swipe(AndroidDriver.java:186)at com.indusos.plusi.PageNavigation.Scrollleft(PageNavigation.java:29)at com.indusos.plusi.Wowmain.SwipeTest1(Wowmain.java:69)at sun.reflect.NativeMethodAccessorImpl.invoke0(Native Method)at sun.reflect.NativeMethodAccessorImpl.invoke(Unknown Source)at sun.reflect.DelegatingMethodAccessorImpl.invoke(Unknown Source)at java.lang.reflect.Method.invoke(Unknown Source)at org.testng.internal.MethodInvocationHelper.invokeMethod(MethodInvocationHelper.java:124)at org.testng.internal.Invoker.invokeMethod(Invoker.java:571)at org.testng.internal.Invoker.invokeTestMethod(Invoker.java:707)at org.testng.internal.Invoker.invokeTestMethods(Invoker.java:979)at org.testng.internal.TestMethodWorker.invokeTestMethods(TestMethodWorker.java:125)at org.testng.internal.TestMethodWorker.run(TestMethodWorker.java:109)at org.testng.TestRunner.privateRun(TestRunner.java:648)at org.testng.TestRunner.run(TestRunner.java:505)at org.testng.SuiteRunner.runTest(SuiteRunner.java:455)at org.testng.SuiteRunner.runSequentially(SuiteRunner.java:450)at org.testng.SuiteRunner.privateRun(SuiteRunner.java:415)at org.testng.SuiteRunner.run(SuiteRunner.java:364)at org.testng.SuiteRunnerWorker.runSuite(SuiteRunnerWorker.java:52)at org.testng.SuiteRunnerWorker.run(SuiteRunnerWorker.java:84)at org.testng.TestNG.runSuitesSequentially(TestNG.java:1187)at org.testng.TestNG.runSuitesLocally(TestNG.java:1116)at org.testng.TestNG.runSuites(TestNG.java:1028)at org.testng.TestNG.run(TestNG.java:996)at org.testng.remote.AbstractRemoteTestNG.run(AbstractRemoteTestNG.java:114)at org.testng.remote.RemoteTestNG.initAndRun(RemoteTestNG.java:251)at org.testng.remote.RemoteTestNG.main(RemoteTestNG.java:77)]]>
    </failure>
  </testcase> <!-- SwipeTest1 -->
  <testcase name="clickTestGame" time="0.0" classname="com.indusos.plusi.Wowmain">
    <ignored/>
  </testcase> <!-- clickTestGame -->
  <testcase name="ScrollTest2" time="0.0" classname="com.indusos.plusi.Wowmain">
    <ignored/>
  </testcase> <!-- ScrollTest2 -->
  <testcase name="WowEvents" time="0.0" classname="com.indusos.plusi.Wowmain">
    <ignored/>
  </testcase> <!-- WowEvents -->
</testsuite> <!-- Default test -->
