<?xml version="1.0" encoding="UTF-8"?>
<!-- Generated by org.testng.reporters.JUnitXMLReporter -->
<testsuite hostname="RAJESH-PC" name="Default test" tests="3" failures="0" timestamp="29 Oct 2017 19:08:31 GMT" time="0.091" errors="0">
  <testcase name="Openbrowser" time="0.023" classname="framework.Dependency"/>
  <testcase name="Timereleted" time="0.015" classname="framework.Dependency"/>
  <testcase name="Flightbooking" time="0.002" classname="framework.Dependency"/>
</testsuite> <!-- Default test -->
